Sending build context to Docker daemon 567.3 kB
Step 1/11 : FROM ubuntu:16.04
 ---> f49eec89601e
Step 2/11 : RUN apt-get update
 ---> Using cache
 ---> 8b5c589dbd5b
Step 3/11 : RUN apt-get install -y vim curl
 ---> Using cache
 ---> f77fe91e7c49
Step 4/11 : RUN apt-get install -y nginx
 ---> Using cache
 ---> 811fa869c771
Step 5/11 : RUN rm -v /etc/nginx/sites-enabled/*
 ---> Using cache
 ---> 258d82bb2fa1
Step 6/11 : ADD ./config/eps.conf /etc/nginx/sites-enabled/eps.conf
 ---> Using cache
 ---> fd53f812dd34
Step 7/11 : RUN apt-get install -y build-essential python python-dev python-distribute python-pip
 ---> Using cache
 ---> 1b212fb20672
Step 8/11 : RUN pip install --upgrade pip
 ---> Using cache
 ---> 13579b42ba5e
Step 9/11 : ADD ./config/requirements.txt /
 ---> Using cache
 ---> 1a2f169dae2f
Step 10/11 : RUN pip install -r requirements.txt
 ---> Using cache
 ---> f064e6dbf18e
Step 11/11 : ENTRYPOINT /bin/bash -c
 ---> Using cache
 ---> c2f8d5acd447
Successfully built c2f8d5acd447
