*** Starting uWSGI 2.0.14 (64bit) on [Mon Feb 20 16:12:28 2017] ***
compiled with version: 5.4.0 20160609 on 20 February 2017 15:56:11
os: Linux-4.9.8-moby #1 SMP Wed Feb 8 09:59:13 UTC 2017
nodename: f374b079e136
machine: x86_64
clock source: unix
detected number of CPU cores: 2
current working directory: /code
detected binary path: /usr/local/bin/uwsgi
!!! no internal routing support, rebuild with pcre support !!!
uWSGI running as root, you can use --uid/--gid/--chroot options
*** WARNING: you are running uWSGI as root !!! (use the --uid flag) *** 
*** WARNING: you are running uWSGI without its master process manager ***
your memory page size is 4096 bytes
detected max file descriptor number: 1048576
lock engine: pthread robust mutexes
thunder lock: disabled (you can enable it with --thunder-lock)
uwsgi socket 0 bound to UNIX address /code/flaskapp_uwsgi.sock fd 3
Python version: 2.7.12 (default, Nov 19 2016, 06:48:10)  [GCC 5.4.0 20160609]
*** Python threads support is disabled. You can enable it with --enable-threads ***
Python main interpreter initialized at 0x1ed4170
your server socket listen backlog is limited to 100 connections
your mercy for graceful operations on workers is 60 seconds
mapped 72760 bytes (71 KB) for 1 cores
*** Operational MODE: single process ***
added /usr/bin/python to pythonpath.
WSGI app 0 (mountpoint='') ready in 1 seconds on interpreter 0x1ed4170 pid: 29 (default app)
*** uWSGI is running in multiple interpreter mode ***
spawned uWSGI worker 1 (and the only) (pid: 29, cores: 1)
*** Starting uWSGI 2.0.14 (64bit) on [Mon Feb 20 16:12:50 2017] ***
compiled with version: 5.4.0 20160609 on 20 February 2017 15:56:11
os: Linux-4.9.8-moby #1 SMP Wed Feb 8 09:59:13 UTC 2017
nodename: f374b079e136
machine: x86_64
clock source: unix
detected number of CPU cores: 2
current working directory: /code
detected binary path: /usr/local/bin/uwsgi
!!! no internal routing support, rebuild with pcre support !!!
uWSGI running as root, you can use --uid/--gid/--chroot options
*** WARNING: you are running uWSGI as root !!! (use the --uid flag) *** 
*** WARNING: you are running uWSGI without its master process manager ***
your memory page size is 4096 bytes
detected max file descriptor number: 1048576
lock engine: pthread robust mutexes
thunder lock: disabled (you can enable it with --thunder-lock)
uwsgi socket 0 bound to UNIX address /code/flaskapp_uwsgi.sock fd 3
Python version: 2.7.12 (default, Nov 19 2016, 06:48:10)  [GCC 5.4.0 20160609]
*** Python threads support is disabled. You can enable it with --enable-threads ***
Python main interpreter initialized at 0x882170
your server socket listen backlog is limited to 100 connections
your mercy for graceful operations on workers is 60 seconds
mapped 72760 bytes (71 KB) for 1 cores
*** Operational MODE: single process ***
added /usr/bin/python to pythonpath.
WSGI app 0 (mountpoint='') ready in 1 seconds on interpreter 0x882170 pid: 29 (default app)
*** uWSGI is running in multiple interpreter mode ***
spawned uWSGI worker 1 (and the only) (pid: 29, cores: 1)
[pid: 29|app: 0|req: 1/1] 172.21.0.1 () {44 vars in 1058 bytes} [Mon Feb 20 16:12:54 2017] GET /api/ => generated 13 bytes in 1 msecs (HTTP/1.1 200) 2 headers in 79 bytes (1 switches on core 0)
*** Starting uWSGI 2.0.14 (64bit) on [Mon Feb 20 18:29:07 2017] ***
compiled with version: 5.4.0 20160609 on 20 February 2017 18:28:50
os: Linux-4.9.8-moby #1 SMP Wed Feb 8 09:56:43 UTC 2017
nodename: 4f7c19106aaa
machine: x86_64
clock source: unix
detected number of CPU cores: 2
current working directory: /code
detected binary path: /usr/local/bin/uwsgi
!!! no internal routing support, rebuild with pcre support !!!
uWSGI running as root, you can use --uid/--gid/--chroot options
*** WARNING: you are running uWSGI as root !!! (use the --uid flag) *** 
*** WARNING: you are running uWSGI without its master process manager ***
your memory page size is 4096 bytes
detected max file descriptor number: 1048576
lock engine: pthread robust mutexes
thunder lock: disabled (you can enable it with --thunder-lock)
bind(): File name too long [core/socket.c line 230]
*** Starting uWSGI 2.0.14 (64bit) on [Mon Feb 20 18:31:31 2017] ***
compiled with version: 5.4.0 20160609 on 20 February 2017 18:28:50
os: Linux-4.9.8-moby #1 SMP Wed Feb 8 09:56:43 UTC 2017
nodename: 4f7c19106aaa
machine: x86_64
clock source: unix
detected number of CPU cores: 2
current working directory: /code
detected binary path: /usr/local/bin/uwsgi
!!! no internal routing support, rebuild with pcre support !!!
uWSGI running as root, you can use --uid/--gid/--chroot options
*** WARNING: you are running uWSGI as root !!! (use the --uid flag) *** 
*** WARNING: you are running uWSGI without its master process manager ***
your memory page size is 4096 bytes
detected max file descriptor number: 1048576
lock engine: pthread robust mutexes
thunder lock: disabled (you can enable it with --thunder-lock)
bind(): File name too long [core/socket.c line 230]
